<?xml version="1.0" encoding="UTF-8"?>
<testsuite name="rspec" tests="38" skipped="0" failures="0" errors="0" time="1.223657" timestamp="2021-04-21T13:46:57-03:00" hostname="DESKTOP-BRL0KE0">
<properties>
<property name="seed" value="57391"/>
</properties>
<testcase classname="spec.scenarios.booking_post_spec" name="Post /equipos/{equipos_id}/bookings solicitar locacao deve retornar 200" file="./spec/scenarios/booking_post_spec.rb" time="0.004633"></testcase>
<testcase classname="spec.scenarios.equipo_delete_spec" name="DELETE /equipos/{equipo_id} obter unico equipo deve retornar 204" file="./spec/scenarios/equipo_delete_spec.rb" time="0.000122"></testcase>
<testcase classname="spec.scenarios.equipo_delete_spec" name="DELETE /equipos/{equipo_id} equipamento nao existe deve retornar 204" file="./spec/scenarios/equipo_delete_spec.rb" time="0.000110"></testcase>
<testcase classname="spec.scenarios.equipo_get_spec" name="GET /equipos/{equipo_id} obter unico equipo deve retornar 200" file="./spec/scenarios/equipo_get_spec.rb" time="0.000121"></testcase>
<testcase classname="spec.scenarios.equipo_get_spec" name="GET /equipos/{equipo_id} obter unico equipo deve retornar o nome" file="./spec/scenarios/equipo_get_spec.rb" time="0.000139"></testcase>
<testcase classname="spec.scenarios.equipo_get_spec" name="GET /equipos/{equipo_id} equipamento nao existe deve retornar 404" file="./spec/scenarios/equipo_get_spec.rb" time="0.000132"></testcase>
<testcase classname="spec.scenarios.equipo_get_spec" name="GET /equipos obter uma lista deve retornar 200" file="./spec/scenarios/equipo_get_spec.rb" time="0.000116"></testcase>
<testcase classname="spec.scenarios.equipo_get_spec" name="GET /equipos obter uma lista deve retornar uma lista de equipos" file="./spec/scenarios/equipo_get_spec.rb" time="0.009974"></testcase>
<testcase classname="spec.scenarios.equipo_post_spec" name="POST /equipos novo equipo deve retornar 200" file="./spec/scenarios/equipo_post_spec.rb" time="0.000116"></testcase>
<testcase classname="spec.scenarios.equipo_post_spec" name="POST /equipos não autorizado deve retornar 401" file="./spec/scenarios/equipo_post_spec.rb" time="0.000134"></testcase>
<testcase classname="spec.scenarios.equipo_post_spec" name="POST /equipos Sem a imagem deve retornar o erro Error Data :(" file="./spec/scenarios/equipo_post_spec.rb" time="0.000169"></testcase>
<testcase classname="spec.scenarios.equipo_post_spec" name="POST /equipos Sem o nome deve retornar o erro Equipo name is required" file="./spec/scenarios/equipo_post_spec.rb" time="0.000231"></testcase>
<testcase classname="spec.scenarios.equipo_post_spec" name="POST /equipos Sem a categoria deve retornar o erro Brand is required" file="./spec/scenarios/equipo_post_spec.rb" time="0.000177"></testcase>
<testcase classname="spec.scenarios.equipo_post_spec" name="POST /equipos Item já cadastrado deve retornar o erro Equipo already exists :(" file="./spec/scenarios/equipo_post_spec.rb" time="0.000180"></testcase>
<testcase classname="spec.scenarios.session_post_spec" name="POST /session login com sucesso valida status code" file="./spec/scenarios/session_post_spec.rb" time="0.000113"></testcase>
<testcase classname="spec.scenarios.session_post_spec" name="POST /session login com sucesso valida ID do usuário" file="./spec/scenarios/session_post_spec.rb" time="0.000104"></testcase>
<testcase classname="spec.scenarios.session_post_spec" name="POST /session senha incorreta valida status code 401" file="./spec/scenarios/session_post_spec.rb" time="0.000115"></testcase>
<testcase classname="spec.scenarios.session_post_spec" name="POST /session senha incorreta valida ID do usuário" file="./spec/scenarios/session_post_spec.rb" time="0.000125"></testcase>
<testcase classname="spec.scenarios.session_post_spec" name="POST /session usuario nao existe valida status code 401" file="./spec/scenarios/session_post_spec.rb" time="0.000107"></testcase>
<testcase classname="spec.scenarios.session_post_spec" name="POST /session usuario nao existe valida ID do usuário" file="./spec/scenarios/session_post_spec.rb" time="0.000125"></testcase>
<testcase classname="spec.scenarios.session_post_spec" name="POST /session email em brando valida status code 412" file="./spec/scenarios/session_post_spec.rb" time="0.000105"></testcase>
<testcase classname="spec.scenarios.session_post_spec" name="POST /session email em brando valida ID do usuário" file="./spec/scenarios/session_post_spec.rb" time="0.000105"></testcase>
<testcase classname="spec.scenarios.session_post_spec" name="POST /session sem o campo email valida status code 412" file="./spec/scenarios/session_post_spec.rb" time="0.000121"></testcase>
<testcase classname="spec.scenarios.session_post_spec" name="POST /session sem o campo email valida ID do usuário" file="./spec/scenarios/session_post_spec.rb" time="0.000106"></testcase>
<testcase classname="spec.scenarios.session_post_spec" name="POST /session senha em branco valida status code 412" file="./spec/scenarios/session_post_spec.rb" time="0.000134"></testcase>
<testcase classname="spec.scenarios.session_post_spec" name="POST /session senha em branco valida ID do usuário" file="./spec/scenarios/session_post_spec.rb" time="0.000121"></testcase>
<testcase classname="spec.scenarios.session_post_spec" name="POST /session sem ocampo password valida status code 412" file="./spec/scenarios/session_post_spec.rb" time="0.000104"></testcase>
<testcase classname="spec.scenarios.session_post_spec" name="POST /session sem ocampo password valida ID do usuário" file="./spec/scenarios/session_post_spec.rb" time="0.000122"></testcase>
<testcase classname="spec.scenarios.signup_post_spec" name="POST /signup novo usuario valida status code" file="./spec/scenarios/signup_post_spec.rb" time="0.000110"></testcase>
<testcase classname="spec.scenarios.signup_post_spec" name="POST /signup novo usuario valida ID do usuário" file="./spec/scenarios/signup_post_spec.rb" time="0.000111"></testcase>
<testcase classname="spec.scenarios.signup_post_spec" name="POST /signup usuario ja existe deve retornar 409" file="./spec/scenarios/signup_post_spec.rb" time="0.000110"></testcase>
<testcase classname="spec.scenarios.signup_post_spec" name="POST /signup usuario ja existe deve retornar mensagem" file="./spec/scenarios/signup_post_spec.rb" time="0.000110"></testcase>
<testcase classname="spec.scenarios.signup_post_spec" name="POST /signup senha em branco deve exibir mensagem " file="./spec/scenarios/signup_post_spec.rb" time="0.000160"></testcase>
<testcase classname="spec.scenarios.signup_post_spec" name="POST /signup sem o campo senha deve exibir mensagem " file="./spec/scenarios/signup_post_spec.rb" time="0.000184"></testcase>
<testcase classname="spec.scenarios.signup_post_spec" name="POST /signup email em branco deve exibir mensagem " file="./spec/scenarios/signup_post_spec.rb" time="0.000151"></testcase>
<testcase classname="spec.scenarios.signup_post_spec" name="POST /signup sem o campo email deve exibir mensagem " file="./spec/scenarios/signup_post_spec.rb" time="0.000460"></testcase>
<testcase classname="spec.scenarios.signup_post_spec" name="POST /signup nome em branco deve exibir mensagem " file="./spec/scenarios/signup_post_spec.rb" time="0.000149"></testcase>
<testcase classname="spec.scenarios.signup_post_spec" name="POST /signup sem o campo nome deve exibir mensagem " file="./spec/scenarios/signup_post_spec.rb" time="0.000153"></testcase>
</testsuite>
